<?xml version="1.0" encoding="UTF-8" ?>
<testsuite errors="0" failures="0" hostname="No-Stranjyr" name="com.team9.finalproject.IDBagTest" skipped="0" tests="3" time="0.06" timestamp="2015-04-22T03:57:08">
  <properties>
[...]
</properties>
  <testcase classname="com.team9.finalproject.IDBagTest" name="nextIDshouldBeOut" time="0.004" />
  <testcase classname="com.team9.finalproject.IDBagTest" name="nextIDshouldBeZero" time="0.0" />
  <testcase classname="com.team9.finalproject.IDBagTest" name="testFreeID" time="0.0" />
  <system-out><![CDATA[]]></system-out>
  <system-err><![CDATA[]]></system-err>
</testsuite>
